<?xml version="1.0" encoding="UTF-8"?>
<testng-results skipped="0" failed="0" ignored="0" total="1" passed="1">
  <reporter-output>
  </reporter-output>
  <suite name="Default suite" duration-ms="3850" started-at="2020-03-26T13:36:03Z" finished-at="2020-03-26T13:36:07Z">
    <groups>
    </groups>
    <test name="Default test" duration-ms="3850" started-at="2020-03-26T13:36:03Z" finished-at="2020-03-26T13:36:07Z">
      <class name="PostRequest">
        <test-method status="PASS" signature="CreateUser()[pri:0, instance:PostRequest@6767c1fc]" name="CreateUser" duration-ms="3825" started-at="2020-03-26T13:36:03Z" finished-at="2020-03-26T13:36:07Z">
          <reporter-output>
          </reporter-output>
        </test-method> <!-- CreateUser -->
      </class> <!-- PostRequest -->
    </test> <!-- Default test -->
  </suite> <!-- Default suite -->
</testng-results>
